0 info it worked if it ends with ok
1 verbose cli [ '/home/aixmdb/THALES/mgy/angular2/node-v6.5.0-linux-x64/bin/node',
1 verbose cli   '/home/aixmdb/THALES/mgy/angular2/node-v6.5.0-linux-x64/bin/npm',
1 verbose cli   'start' ]
2 info using npm@3.10.3
3 info using node@v6.5.0
4 verbose run-script [ 'prestart', 'start', 'poststart' ]
5 info lifecycle angular2-list@1.0.0~prestart: angular2-list@1.0.0
6 silly lifecycle angular2-list@1.0.0~prestart: no script for prestart, continuing
7 info lifecycle angular2-list@1.0.0~start: angular2-list@1.0.0
8 verbose lifecycle angular2-list@1.0.0~start: unsafe-perm in lifecycle true
9 verbose lifecycle angular2-list@1.0.0~start: PATH: /home/aixmdb/THALES/mgy/angular2/node-v6.5.0-linux-x64/lib/node_modules/npm/bin/node-gyp-bin:/home/aixmdb/THALES/mgy/angular2/angular2-list/node_modules/.bin:/home/aixmdb/THALES/mgy/angular2/node-v6.5.0-linux-x64/bin:/home/aixmdb/THALES/mgy/angular2/node-v6.5.0-linux-x64/bin:/home/aixmdb/apache-maven-3.1.0/bin:/home/aixmdb/THALES/mgy/buildTDM/apache-ant-1.9.4/bin:/home/aixmdb/glassfish/glassfish3/bin:/home/aixmdb/aixmdb:/home/aixmdb/bin:/home/aixmdb/oracle/workspace/tools:/home/aixmdb/glassfish/glassfish3:/home/aixmdb/oracle/oraBase/product/11.2.0/lib:/usr/java/jdk1.6.0_45/bin:/home/aixmdb/oracle/oraBase/product/11.2.0/bin:/home/aixmdb/aixmdb:/home/aixmdb/bin:/home/aixmdb/oracle/workspace/tools:/home/aixmdb/glassfish/glassfish3:/home/aixmdb/oracle/oraBase/product/11.2.0/lib:/usr/java/jdk1.6.0_45/bin:/home/aixmdb/oracle/oraBase/product/11.2.0/bin:/usr/lib64/qt-3.3/bin:/usr/kerberos/bin:/usr/local/bin:/bin:/usr/bin:/home/aixmdb/bin
10 verbose lifecycle angular2-list@1.0.0~start: CWD: /home/aixmdb/THALES/mgy/angular2/angular2-list
11 silly lifecycle angular2-list@1.0.0~start: Args: [ '-c', 'tsc && concurrently "npm run tsc:w" "npm run lite" ' ]
12 silly lifecycle angular2-list@1.0.0~start: Returned: code: 2  signal: null
13 info lifecycle angular2-list@1.0.0~start: Failed to exec start script
14 verbose stack Error: angular2-list@1.0.0 start: `tsc && concurrently "npm run tsc:w" "npm run lite" `
14 verbose stack Exit status 2
14 verbose stack     at EventEmitter.<anonymous> (/home/aixmdb/THALES/mgy/angular2/node-v6.5.0-linux-x64/lib/node_modules/npm/lib/utils/lifecycle.js:242:16)
14 verbose stack     at emitTwo (events.js:106:13)
14 verbose stack     at EventEmitter.emit (events.js:191:7)
14 verbose stack     at ChildProcess.<anonymous> (/home/aixmdb/THALES/mgy/angular2/node-v6.5.0-linux-x64/lib/node_modules/npm/lib/utils/spawn.js:40:14)
14 verbose stack     at emitTwo (events.js:106:13)
14 verbose stack     at ChildProcess.emit (events.js:191:7)
14 verbose stack     at maybeClose (internal/child_process.js:877:16)
14 verbose stack     at Process.ChildProcess._handle.onexit (internal/child_process.js:226:5)
15 verbose pkgid angular2-list@1.0.0
16 verbose cwd /home/aixmdb/THALES/mgy/angular2/angular2-list
17 error Linux 2.6.18-194.el5
18 error argv "/home/aixmdb/THALES/mgy/angular2/node-v6.5.0-linux-x64/bin/node" "/home/aixmdb/THALES/mgy/angular2/node-v6.5.0-linux-x64/bin/npm" "start"
19 error node v6.5.0
20 error npm  v3.10.3
21 error code ELIFECYCLE
22 error angular2-list@1.0.0 start: `tsc && concurrently "npm run tsc:w" "npm run lite" `
22 error Exit status 2
23 error Failed at the angular2-list@1.0.0 start script 'tsc && concurrently "npm run tsc:w" "npm run lite" '.
23 error Make sure you have the latest version of node.js and npm installed.
23 error If you do, this is most likely a problem with the angular2-list package,
23 error not with npm itself.
23 error Tell the author that this fails on your system:
23 error     tsc && concurrently "npm run tsc:w" "npm run lite"
23 error You can get information on how to open an issue for this project with:
23 error     npm bugs angular2-list
23 error Or if that isn't available, you can get their info via:
23 error     npm owner ls angular2-list
23 error There is likely additional logging output above.
24 verbose exit [ 1, true ]
